# JRE version: OpenJDK Runtime Environment Temurin-11.0.14+9 (11.0.14+9) (build 11.0.14+9)
# Java VM: OpenJDK 64-Bit Server VM Temurin-11.0.14+9 (11.0.14+9, mixed mode, tiered, compressed oops, g1 gc, windows-amd64)
Heap:
 garbage-first heap   total 262144K, used 54142K [0x00000000e0000000, 0x0000000100000000)
  region size 1024K, 42 young (43008K), 3 survivors (3072K)
 Metaspace       used 25085K, capacity 25720K, committed 25984K, reserved 276480K
  class space    used 3187K, capacity 3410K, committed 3456K, reserved 253952K
GC Heap History (10 events):
Event: 9.044 GC heap before
{Heap before GC invocations=0 (full 0):
 garbage-first heap   total 262144K, used 19456K [0x00000000e0000000, 0x0000000100000000)
  region size 1024K, 14 young (14336K), 0 survivors (0K)
 Metaspace       used 7486K, capacity 7679K, committed 7936K, reserved 262144K
  class space    used 674K, capacity 748K, committed 768K, reserved 253952K
}
Event: 9.064 GC heap after
{Heap after GC invocations=1 (full 0):
 garbage-first heap   total 262144K, used 7710K [0x00000000e0000000, 0x0000000100000000)
  region size 1024K, 2 young (2048K), 2 survivors (2048K)
 Metaspace       used 7486K, capacity 7679K, committed 7936K, reserved 262144K
  class space    used 674K, capacity 748K, committed 768K, reserved 253952K
}
Event: 9.694 GC heap before
{Heap before GC invocations=1 (full 0):
 garbage-first heap   total 262144K, used 19998K [0x00000000e0000000, 0x0000000100000000)
  region size 1024K, 14 young (14336K), 2 survivors (2048K)
 Metaspace       used 10865K, capacity 11109K, committed 11264K, reserved 264192K
  class space    used 1115K, capacity 1168K, committed 1280K, reserved 253952K
}
Event: 9.699 GC heap after
{Heap after GC invocations=2 (full 0):
 garbage-first heap   total 262144K, used 8839K [0x00000000e0000000, 0x0000000100000000)
  region size 1024K, 1 young (1024K), 1 survivors (1024K)
 Metaspace       used 10865K, capacity 11109K, committed 11264K, reserved 264192K
  class space    used 1115K, capacity 1168K, committed 1280K, reserved 253952K
}
Event: 20.589 GC heap before
{Heap before GC invocations=2 (full 0):
 garbage-first heap   total 262144K, used 37511K [0x00000000e0000000, 0x0000000100000000)
  region size 1024K, 29 young (29696K), 1 survivors (1024K)
 Metaspace       used 11133K, capacity 11485K, committed 11776K, reserved 266240K
  class space    used 1142K, capacity 1208K, committed 1280K, reserved 253952K
}
Event: 20.594 GC heap after
{Heap after GC invocations=3 (full 0):
 garbage-first heap   total 262144K, used 13373K [0x00000000e0000000, 0x0000000100000000)
  region size 1024K, 4 young (4096K), 4 survivors (4096K)
 Metaspace       used 11133K, capacity 11485K, committed 11776K, reserved 266240K
  class space    used 1142K, capacity 1208K, committed 1280K, reserved 253952K
}
Event: 23.786 GC heap before
{Heap before GC invocations=3 (full 0):
 garbage-first heap   total 262144K, used 54333K [0x00000000e0000000, 0x0000000100000000)
  region size 1024K, 44 young (45056K), 4 survivors (4096K)
 Metaspace       used 19139K, capacity 19628K, committed 19968K, reserved 272384K
  class space    used 2291K, capacity 2437K, committed 2560K, reserved 253952K
}
Event: 23.795 GC heap after
{Heap after GC invocations=4 (full 0):
 garbage-first heap   total 262144K, used 15965K [0x00000000e0000000, 0x0000000100000000)
  region size 1024K, 3 young (3072K), 3 survivors (3072K)
 Metaspace       used 19139K, capacity 19628K, committed 19968K, reserved 272384K
  class space    used 2291K, capacity 2437K, committed 2560K, reserved 253952K
}
Event: 24.006 GC heap before
{Heap before GC invocations=4 (full 0):
 garbage-first heap   total 262144K, used 25181K [0x00000000e0000000, 0x0000000100000000)
  region size 1024K, 13 young (13312K), 3 survivors (3072K)
 Metaspace       used 20639K, capacity 21171K, committed 21296K, reserved 274432K
  class space    used 2492K, capacity 2658K, committed 2688K, reserved 253952K
}
Event: 24.012 GC heap after
{Heap after GC invocations=5 (full 0):
 garbage-first heap   total 262144K, used 16254K [0x00000000e0000000, 0x0000000100000000)
  region size 1024K, 3 young (3072K), 3 survivors (3072K)
 Metaspace       used 20639K, capacity 21171K, committed 21296K, reserved 274432K
  class space    used 2492K, capacity 2658K, committed 2688K, reserved 253952K
}

